  CDDA_Map.cpp
C:\Users\andyf\source\repos\CDDA_Map\CDDA_Map\CDDA_Map.cpp(154,35): warning C4018: '<': signed/unsigned mismatch
C:\Users\andyf\source\repos\CDDA_Map\CDDA_Map\CDDA_Map.cpp(188,35): warning C4018: '<': signed/unsigned mismatch
C:\Users\andyf\source\repos\CDDA_Map\CDDA_Map\CDDA_Map.cpp(225,23): warning C4018: '<': signed/unsigned mismatch
C:\Users\andyf\source\repos\CDDA_Map\CDDA_Map\CDDA_Map.cpp(238,23): warning C4018: '<': signed/unsigned mismatch
C:\Users\andyf\source\repos\CDDA_Map\CDDA_Map\CDDA_Map.cpp(250,23): warning C4018: '<': signed/unsigned mismatch
C:\Users\andyf\source\repos\CDDA_Map\CDDA_Map\CDDA_Map.cpp(263,23): warning C4018: '<': signed/unsigned mismatch
C:\Users\andyf\source\repos\CDDA_Map\CDDA_Map\CDDA_Map.cpp(275,23): warning C4018: '<': signed/unsigned mismatch
C:\Users\andyf\source\repos\CDDA_Map\CDDA_Map\CDDA_Map.cpp(288,18): warning C4244: 'initializing': conversion from 'std::streamoff' to 'int', possible loss of data
C:\Users\andyf\source\repos\CDDA_Map\CDDA_Map\CDDA_Map.cpp(409,31): warning C4018: '<': signed/unsigned mismatch
C:\Users\andyf\source\repos\CDDA_Map\CDDA_Map\CDDA_Map.cpp(412,39): warning C4018: '<': signed/unsigned mismatch
C:\Users\andyf\source\repos\CDDA_Map\CDDA_Map\CDDA_Map.cpp(460,31): warning C4018: '<': signed/unsigned mismatch
C:\Users\andyf\source\repos\CDDA_Map\CDDA_Map\CDDA_Map.cpp(463,39): warning C4018: '<': signed/unsigned mismatch
C:\Users\andyf\source\repos\CDDA_Map\CDDA_Map\CDDA_Map.cpp(560,23): warning C4018: '<': signed/unsigned mismatch
C:\Users\andyf\source\repos\CDDA_Map\CDDA_Map\CDDA_Map.cpp(683,23): warning C4018: '<': signed/unsigned mismatch
C:\Users\andyf\source\repos\CDDA_Map\CDDA_Map\CDDA_Map.cpp(692,23): warning C4018: '>=': signed/unsigned mismatch
C:\Users\andyf\source\repos\CDDA_Map\CDDA_Map\CDDA_Map.cpp(701,17): warning C4244: 'initializing': conversion from 'double' to 'int', possible loss of data
C:\Users\andyf\source\repos\CDDA_Map\CDDA_Map\CDDA_Map.cpp(703,23): warning C4018: '<': signed/unsigned mismatch
C:\Users\andyf\source\repos\CDDA_Map\CDDA_Map\CDDA_Map.cpp(708,23): warning C4018: '>=': signed/unsigned mismatch
  CDDA_Map.vcxproj -> C:\Users\andyf\source\repos\CDDA_Map\Debug\CDDA_Map.exe
